#
# There is insufficient memory for the Java Runtime Environment to continue.
# Native memory allocation (malloc) failed to allocate 1048576 bytes for AllocateHeap
# Possible reasons:
#   The system is out of physical RAM or swap space
#   In 32 bit mode, the process size limit was hit
# Possible solutions:
#   Reduce memory load on the system
#   Increase physical memory or swap space
#   Check if swap backing store is full
#   Use 64 bit Java on a 64 bit OS
#   Decrease Java heap size (-Xmx/-Xms)
#   Decrease number of Java threads
#   Decrease Java thread stack sizes (-Xss)
#   Set larger code cache with -XX:ReservedCodeCacheSize=
# This output file may be truncated or incomplete.
#
#  Out of Memory Error (memory/allocation.inline.hpp:61), pid=7712, tid=25964
#
# JRE version:  (8.0_91-b14) (build )
# Java VM: Java HotSpot(TM) 64-Bit Server VM (25.91-b14 mixed mode windows-amd64 compressed oops)
# Failed to write core dump. Minidumps are not enabled by default on client versions of Windows
#

---------------  T H R E A D  ---------------

Current thread (0x0000000002ac1000):  JavaThread "Unknown thread" [_thread_in_vm, id=25964, stack(0x0000000002970000,0x0000000002a70000)]

Stack: [0x0000000002970000,0x0000000002a70000]
[error occurred during error reporting (printing stack bounds), id 0xc0000005]

Native frames: (J=compiled Java code, j=interpreted, Vv=VM code, C=native code)


---------------  P R O C E S S  ---------------

Java Threads: ( => current thread )

Other Threads:

=>0x0000000002ac1000 (exited) JavaThread "Unknown thread" [_thread_in_vm, id=25964, stack(0x0000000002970000,0x0000000002a70000)]

VM state:not at safepoint (normal execution)

VM Mutex/Monitor currently owned by a thread: None

Heap:
 PSYoungGen      total 38400K, used 665K [0x00000000d5d80000, 0x00000000d8800000, 0x0000000100000000)
  eden space 33280K, 2% used [0x00000000d5d80000,0x00000000d5e26670,0x00000000d7e00000)
  from space 5120K, 0% used [0x00000000d8300000,0x00000000d8300000,0x00000000d8800000)
  to   space 5120K, 0% used [0x00000000d7e00000,0x00000000d7e00000,0x00000000d8300000)
 ParOldGen       total 87552K, used 0K [0x0000000081800000, 0x0000000086d80000, 0x00000000d5d80000)
  object space 87552K, 0% used [0x0000000081800000,0x0000000081800000,0x0000000086d80000)
 Metaspace       used 769K, capacity 4480K, committed 4480K, reserved 1056768K
  class space    used 75K, capacity 384K, committed 384K, reserved 1048576K

Card table byte_map: [0x0000000011f80000,0x0000000012380000] byte_map_base: 0x0000000011b74000

Marking Bits: (ParMarkBitMap*) 0x00000000706f2f70
 Begin Bits: [0x0000000012a30000, 0x00000000149d0000)
 End Bits:   [0x00000000149d0000, 0x0000000016970000)

Polling page: 0x0000000001080000

CodeCache: size=245760Kb used=328Kb max_used=328Kb free=245431Kb
 bounds [0x0000000002bc0000, 0x0000000002e30000, 0x0000000011bc0000]
 total_blobs=58 nmethods=0 adapters=38
 compilation: enabled

Compilation events (0 events):
No events

GC Heap History (0 events):
No events

Deoptimization events (0 events):
No events

Internal exceptions (0 events):
No events

Events (10 events):
Event: 0.028 loading class java/lang/Short
Event: 0.028 loading class java/lang/Short done
Event: 0.028 loading class java/lang/Integer
Event: 0.028 loading class java/lang/Integer done
Event: 0.028 loading class java/lang/Long
Event: 0.029 loading class java/lang/Long done
Event: 0.029 loading class java/lang/NullPointerException
Event: 0.029 loading class java/lang/NullPointerException done
Event: 0.029 loading class java/lang/ArithmeticException
Event: 0.029 loading class java/lang/ArithmeticException done


Dynamic libraries:
0x00007ff7f1f50000 - 0x00007ff7f1f87000 	C:\Program Files\Java\jdk1.8.0_91\bin\java.exe
0x00007ff96afb0000 - 0x00007ff96b1a8000 	C:\Windows\SYSTEM32\ntdll.dll
0x00007ff96aa60000 - 0x00007ff96ab21000 	C:\Windows\System32\KERNEL32.DLL
0x00007ff968a70000 - 0x00007ff968d6d000 	C:\Windows\System32\KERNELBASE.dll
0x00007ff969be0000 - 0x00007ff969c90000 	C:\Windows\System32\ADVAPI32.dll
0x00007ff96a7f0000 - 0x00007ff96a88e000 	C:\Windows\System32\msvcrt.dll
0x00007ff96a9c0000 - 0x00007ff96aa60000 	C:\Windows\System32\sechost.dll
0x00007ff96a3d0000 - 0x00007ff96a4f3000 	C:\Windows\System32\RPCRT4.dll
0x00007ff968d70000 - 0x00007ff968d97000 	C:\Windows\System32\bcrypt.dll
0x00007ff969d90000 - 0x00007ff969f2d000 	C:\Windows\System32\USER32.dll
0x00007ff968760000 - 0x00007ff968782000 	C:\Windows\System32\win32u.dll
0x00007ff969f30000 - 0x00007ff969f5b000 	C:\Windows\System32\GDI32.dll
0x00007ff968e50000 - 0x00007ff968f67000 	C:\Windows\System32\gdi32full.dll
0x00007ff968790000 - 0x00007ff96882d000 	C:\Windows\System32\msvcp_win.dll
0x00007ff968660000 - 0x00007ff968760000 	C:\Windows\System32\ucrtbase.dll
0x00007ff94eb40000 - 0x00007ff94edda000 	C:\Windows\WinSxS\amd64_microsoft.windows.common-controls_6595b64144ccf1df_6.0.19041.4355_none_60b8b9eb71f62e16\COMCTL32.dll
0x00007ff96ac40000 - 0x00007ff96ac6f000 	C:\Windows\System32\IMM32.DLL
0x000000006fe00000 - 0x000000006fed2000 	C:\Program Files\Java\jdk1.8.0_91\jre\bin\msvcr100.dll
0x000000006fee0000 - 0x0000000070773000 	C:\Program Files\Java\jdk1.8.0_91\jre\bin\server\jvm.dll
0x00007ff96ae80000 - 0x00007ff96ae88000 	C:\Windows\System32\PSAPI.DLL
0x00007ff94d220000 - 0x00007ff94d247000 	C:\Windows\SYSTEM32\WINMM.dll
0x00007ff944e40000 - 0x00007ff944e49000 	C:\Windows\SYSTEM32\WSOCK32.dll
0x00007ff959ba0000 - 0x00007ff959baa000 	C:\Windows\SYSTEM32\VERSION.dll
0x00007ff96af00000 - 0x00007ff96af6b000 	C:\Windows\System32\WS2_32.dll
0x000000006fdb0000 - 0x000000006fdbf000 	C:\Program Files\Java\jdk1.8.0_91\jre\bin\verify.dll
0x000000006fd80000 - 0x000000006fda9000 	C:\Program Files\Java\jdk1.8.0_91\jre\bin\java.dll
0x000000006fd60000 - 0x000000006fd76000 	C:\Program Files\Java\jdk1.8.0_91\jre\bin\zip.dll

VM Arguments:
jvm_args: -Dfile.encoding=UTF-8 
java_command: electricity.billing.system.NewCustomer
java_class_path (initial): C:\Users\PRIYANKA\Downloads\mysql-connector-java-8.0.28 (1).jar;C:\Users\PRIYANKA\Documents\NetBeansProjects\Electricity Billing System\build\classes
Launcher Type: SUN_STANDARD

Environment Variables:
PATH=D:\oracle\product\10.2.0\db_1\bin;C:\ProgramData\Oracle\Java\javapath;C:\Windows\system32;C:\Windows;C:\Windows\System32\Wbem;C:\Windows\System32\WindowsPowerShell\v1.0\;C:\Windows\System32\OpenSSH\;C:\Program Files\Java\jdk1.8.0_91\bin;C:\Program Files\Git\cmd;C:\Program Files\nodejs\;C:\Users\PRIYANKA\AppData\Local\Microsoft\WindowsApps;;C:\Users\PRIYANKA\AppData\Local\Programs\Microsoft VS Code\bin;C:\Users\PRIYANKA\AppData\Roaming\npm
USERNAME=PRIYANKA
OS=Windows_NT
PROCESSOR_IDENTIFIER=Intel64 Family 6 Model 142 Stepping 9, GenuineIntel



---------------  S Y S T E M  ---------------

OS: Windows 10.0 , 64 bit Build 19041 (10.0.19041.4717)

CPU:total 4 (2 cores per cpu, 2 threads per core) family 6 model 142 stepping 9, cmov, cx8, fxsr, mmx, sse, sse2, sse3, ssse3, sse4.1, sse4.2, popcnt, avx, avx2, aes, clmul, erms, 3dnowpref, lzcnt, ht, tsc, tscinvbit, bmi1, bmi2, adx

Memory: 4k page, physical 8288932k(553576k free), swap 33454756k(5132k free)

vm_info: Java HotSpot(TM) 64-Bit Server VM (25.91-b14) for windows-amd64 JRE (1.8.0_91-b14), built on Apr  1 2016 00:58:32 by "java_re" with MS VC++ 10.0 (VS2010)

time: Tue Sep 10 12:03:39 2024
elapsed time: 0 seconds (0d 0h 0m 0s)

